{
  "0 debug pnpm:scope": {
    "selected": 1
  },
  "1 error pnpm": {
    "errno": 1,
    "code": "ELIFECYCLE",
    "pkgid": "solid-msg@0.0.0",
    "stage": "build",
    "script": "node build.js",
    "pkgname": "solid-msg",
    "err": {
      "name": "pnpm",
      "message": "solid-msg@0.0.0 build: `node build.js`\nExit status 1",
      "code": "ELIFECYCLE",
      "stack": "pnpm: solid-msg@0.0.0 build: `node build.js`\nExit status 1\n    at EventEmitter.<anonymous> (/Users/liangzhu/node_global/lib/node_modules/pnpm/dist/pnpm.cjs:108600:20)\n    at EventEmitter.emit (node:events:527:28)\n    at ChildProcess.<anonymous> (/Users/liangzhu/node_global/lib/node_modules/pnpm/dist/pnpm.cjs:95166:18)\n    at ChildProcess.emit (node:events:527:28)\n    at maybeClose (node:internal/child_process:1092:16)\n    at Process.ChildProcess._handle.onexit (node:internal/child_process:302:5)"
    }
  },
  "2 warn pnpm:global": " Local package.json exists, but node_modules missing, did you mean to install?"
}